<?xml version="1.0" encoding="UTF-8"?>
<!-- Generated by org.testng.reporters.JUnitReportReporter -->
<testsuite hostname="DESKTOP-J0IEVFN" failures="0" tests="1" name="IRCTC_TestCase.Login_Page" time="34.431" errors="0" timestamp="28 Jul 2022 15:30:33 GMT" skipped="0">
  <testcase classname="IRCTC_TestCase.Login_Page" name="NewUser_Registration" time="34.431"/>
</testsuite> <!-- IRCTC_TestCase.Login_Page -->
